
Cadence Innovus(TM) Implementation System.
Copyright 2017 Cadence Design Systems, Inc. All rights reserved worldwide.

Version:	v17.11-s080_1, built Fri Aug 4 11:13:11 PDT 2017
Options:	
Date:		Fri Nov 24 14:00:21 2023
Host:		wario.ece.utexas.edu (x86_64 w/Linux 3.10.0-1160.90.1.el7.x86_64) (16cores*64cpus*Intel(R) Xeon(R) Gold 5218 CPU @ 2.30GHz 22528KB)
OS:		CentOS Linux release 7.9.2009 (Core)

License:
		invs	Innovus Implementation System	17.1	checkout succeeded
		8 CPU jobs allowed with the current license(s). Use setMultiCpuUsage to set your required CPU count.
Change the soft stacksize limit to 0.2%RAM (770 mbytes). Set global soft_stack_size_limit to change the value.

**INFO:  MMMC transition support version v31-84 

<CMD> set_global _enable_mmmc_by_default_flow      $CTE::mmmc_default
<CMD> suppressMessage ENCEXT-2799
<CMD> getVersion
<CMD> getDrawView
<CMD> loadWorkspace -name Physical
<CMD> win
<CMD> set init_gnd_net 1'b0
<CMD> set init_lef_file gscl45nm.lef
<CMD> set init_design_settop 0
<CMD> set init_verilog {apr45nm.v darkriscv_synth.v}
<CMD> set init_pwr_net 1'b1
<CMD> init_design

Loading LEF file gscl45nm.lef ...
**WARN: (IMPLF-155):	ViaRule only supports routing/cut layer, but poly layer found for viaRule 'M1_POLY', 
Set DBUPerIGU to M2 pitch 380.

viaInitial starts at Fri Nov 24 14:02:02 2023
viaInitial ends at Fri Nov 24 14:02:02 2023
*** End library_loading (cpu=0.00min, real=0.00min, mem=0.0M, fe_cpu=0.28min, fe_real=1.68min, fe_mem=559.0M) ***
#% Begin Load netlist data ... (date=11/24 14:02:02, mem=469.3M)
*** Begin netlist parsing (mem=559.0M) ***
Created 0 new cells from 0 timing libraries.
Reading netlist ...
Backslashed names will retain backslash and a trailing blank character.
Reading verilog netlist 'apr45nm.v'
Reading verilog netlist 'darkriscv_synth.v'

*** Memory Usage v#1 (Current mem = 562.020M, initial mem = 179.695M) ***
*** End netlist parsing (cpu=0:00:00.0, real=0:00:01.0, mem=562.0M) ***
#% End Load netlist data ... (date=11/24 14:02:03, total cpu=0:00:00.1, real=0:00:01.0, peak res=472.8M, current mem=472.8M)
Top level cell is darkriscv.
Hooked 0 DB cells to tlib cells.
Starting recursive module instantiation check.
No recursion found.
Building hierarchical netlist for Cell darkriscv ...
*** Netlist is unique.
Set DBUPerIGU to techSite CoreSite width 760.
** info: there are 45 modules.
** info: there are 8063 stdCell insts.

*** Memory Usage v#1 (Current mem = 589.691M, initial mem = 179.695M) ***
Horizontal Layer M1 offset = 190 (guessed)
Vertical Layer M2 offset = 190 (guessed)
Suggestion: specify LAYER OFFSET in LEF file
Reason: hard to extract LAYER OFFSET from standard cells
Generated pitch 1.68 in metal10 is different from 1.71 defined in technology file in preferred direction.
Generated pitch 0.84 in metal8 is different from 0.855 defined in technology file in preferred direction.
Generated pitch 0.95 in metal7 is different from 0.855 defined in technology file in preferred direction.
Generated pitch 0.28 in metal6 is different from 0.285 defined in technology file in preferred direction.
Generated pitch 0.28 in metal4 is different from 0.285 defined in technology file in preferred direction.
Set Default Net Delay as 1000 ps.
Set Default Net Load as 0.5 pF. 
Set Default Input Pin Transition as 0.1 ps.
**WARN: (IMPSYT-7328):	The design has been initialized in physical-only mode because the init_mmmc_file global variable was not defined. Timing analysis will not be possible within this session. You can only use commands that do not depend on timing data. If you need to use timing, you need to restart with an init_mmmc_file to define the timing setup, or you can save this design and use restoreDesign -mmmc_file <viewDef.tcl> to add the timing setup information.
Extraction setup Started 

*** Summary of all messages that are not suppressed in this session:
Severity  ID               Count  Summary                                  
WARNING   IMPLF-155            1  ViaRule only supports routing/cut layer,...
WARNING   IMPSYT-7328          1  The design has been initialized in physi...
*** Message Summary: 2 warning(s), 0 error(s)

<CMD> getIoFlowFlag
<CMD> setFPlanRowSpacingAndType 10.0 1
Row spacing should be a multiple of the first horizontal routing layer pitch.
Adjusting row spacing to 10.07.
<CMD> setIoFlowFlag 0
<CMD> floorPlan -flip n -site CoreSite -r 1.0 0.699999 20 20 20 20
Horizontal Layer M1 offset = 190 (guessed)
Vertical Layer M2 offset = 190 (guessed)
Suggestion: specify LAYER OFFSET in LEF file
Reason: hard to extract LAYER OFFSET from standard cells
Generated pitch 1.68 in metal10 is different from 1.71 defined in technology file in preferred direction.
Generated pitch 0.84 in metal8 is different from 0.855 defined in technology file in preferred direction.
Generated pitch 0.95 in metal7 is different from 0.855 defined in technology file in preferred direction.
Generated pitch 0.28 in metal6 is different from 0.285 defined in technology file in preferred direction.
Generated pitch 0.28 in metal4 is different from 0.285 defined in technology file in preferred direction.
**WARN: (IMPFP-325):	Floorplan of the design is resized. All current floorplan objects are automatically derived based on specified new floorplan. This may change blocks, fixed standard cells, existing routes and blockages.
<CMD> uiSetTool select
<CMD> getIoFlowFlag
<CMD> fit
<CMD> set sprCreateIeRingOffset 1.0
<CMD> set sprCreateIeRingThreshold 1.0
<CMD> set sprCreateIeRingJogDistance 1.0
<CMD> set sprCreateIeRingLayers {}
<CMD> set sprCreateIeRingOffset 1.0
<CMD> set sprCreateIeRingThreshold 1.0
<CMD> set sprCreateIeRingJogDistance 1.0
<CMD> set sprCreateIeRingLayers {}
<CMD> set sprCreateIeStripeWidth 10.0
<CMD> set sprCreateIeStripeThreshold 1.0
<CMD> set sprCreateIeStripeWidth 10.0
<CMD> set sprCreateIeStripeThreshold 1.0
<CMD> set sprCreateIeRingOffset 1.0
<CMD> set sprCreateIeRingThreshold 1.0
<CMD> set sprCreateIeRingJogDistance 1.0
<CMD> set sprCreateIeRingLayers {}
<CMD> set sprCreateIeStripeWidth 10.0
<CMD> set sprCreateIeStripeThreshold 1.0
<CMD> setAddRingMode -ring_target default -extend_over_row 0 -ignore_rows 0 -avoid_short 0 -skip_crossing_trunks none -stacked_via_top_layer metal10 -stacked_via_bottom_layer metal1 -via_using_exact_crossover_size 1 -orthogonal_only true -skip_via_on_pin {  standardcell } -skip_via_on_wire_shape {  noshape }
The ring targets are set to core/block ring wires.
addRing command will consider rows while creating rings.
addRing command will disallow rings to go over rows.
addRing command will ignore shorts while creating rings.
<CMD> addRing -nets {1'b0 1'b1} -type core_rings -follow core -layer {top metal1 bottom metal1 left metal2 right metal2} -width {top .5 bottom .5 left .5 right .5} -spacing {top .3 bottom .3 left .3 right .3} -offset {top 1.8 bottom 1.8 left 1.8 right 1.8} -center 1 -extend_corner {} -threshold 0 -jog_distance 0 -snap_wire_center_to_grid None

The power planner has cut rows, and such rows will be considered to be placement objects.
Ring generation is complete.
vias are now being generated.
addRing created 8 wires.
ViaGen created 8 vias, deleted 0 via to avoid violation.
+--------+----------------+----------------+
|  Layer |     Created    |     Deleted    |
+--------+----------------+----------------+
| metal1 |        4       |       NA       |
|  via1  |        8       |        0       |
| metal2 |        4       |       NA       |
+--------+----------------+----------------+
**WARN: (IMPTCM-77):	Option "-drouteStartIteration" for command getNanoRouteMode is obsolete and will be removed in a future release. The obsolete option still works in this release but to avoid this warning and to ensure compatibility with future releases, remove the obsolete option from your script.
**WARN: (IMPTCM-77):	Option "-modulePlan" for command getPlaceMode is obsolete and will be removed in a future release. The obsolete option still works in this release but to avoid this warning and to ensure compatibility with future releases, remove the obsolete option from your script.
**WARN: (IMPTCM-125):	Option "-checkPinLayerForAccess" for command getPlaceMode is obsolete and will be ignored. It no longer has any effect and should be removed from your script.
<CMD> setRouteMode -earlyGlobalHonorMsvRouteConstraint false -earlyGlobalRoutePartitionPinGuide true
<CMD> setEndCapMode -reset
<CMD> setEndCapMode -boundary_tap false
<CMD> setNanoRouteMode -quiet -droutePostRouteSpreadWire 1
**WARN: (IMPTCM-77):	Option "-drouteStartIteration" for command getNanoRouteMode is obsolete and will be removed in a future release. The obsolete option still works in this release but to avoid this warning and to ensure compatibility with future releases, remove the obsolete option from your script.
**WARN: (IMPTCM-77):	Option "-drouteStartIteration" for command getNanoRouteMode is obsolete and will be removed in a future release. The obsolete option still works in this release but to avoid this warning and to ensure compatibility with future releases, remove the obsolete option from your script.
**WARN: (IMPTCM-77):	Option "-envDontUseLicsForThreadings" for command getNanoRouteMode is obsolete and will be removed in a future release. The obsolete option still works in this release but to avoid this warning and to ensure compatibility with future releases, remove the obsolete option from your script.
**WARN: (IMPTCM-77):	Option "-routeAllowPowerGroundPin" for command getNanoRouteMode is obsolete and will be removed in a future release. The obsolete option still works in this release but to avoid this warning and to ensure compatibility with future releases, remove the obsolete option from your script.
**WARN: (IMPTCM-77):	Option "-routeAllowPowerGroundPin" for command getNanoRouteMode is obsolete and will be removed in a future release. The obsolete option still works in this release but to avoid this warning and to ensure compatibility with future releases, remove the obsolete option from your script.
**WARN: (IMPTCM-77):	Option "-routeEcoOnlyInLayers" for command getNanoRouteMode is obsolete and will be removed in a future release. The obsolete option still works in this release but to avoid this warning and to ensure compatibility with future releases, remove the obsolete option from your script.
<CMD> setUsefulSkewMode -maxSkew false -noBoundary false -useCells {} -maxAllowedDelay 1
**WARN: (IMPOPT-6036):	-useCells list is empty.
**WARN: (IMPTCM-77):	Option "-modulePlan" for command getPlaceMode is obsolete and will be removed in a future release. The obsolete option still works in this release but to avoid this warning and to ensure compatibility with future releases, remove the obsolete option from your script.
<CMD> setPlaceMode -reset
<CMD> setPlaceMode -congEffort auto -timingDriven 1 -modulePlan 1 -clkGateAware 0 -powerDriven 0 -ignoreScan 1 -reorderScan 1 -ignoreSpare 1 -placeIOPins 1 -moduleAwareSpare 0 -preserveRouting 0 -rmAffectedRouting 0 -checkRoute 0 -swapEEQ 0
**WARN: (IMPTCM-77):	Option "-modulePlan" for command setPlaceMode is obsolete and will be removed in a future release. The obsolete option still works in this release but to avoid this warning and to ensure compatibility with future releases, remove the obsolete option from your script.
<CMD> setPlaceMode -fp false
<CMD> placeDesign
**WARN: (IMPSP-9513):	Timing constraint file does not exist
**WARN: (IMPSP-9514):	Non-TimingDriven placement will be performed.
*** Starting placeDesign default flow ***
Deleted 0 physical inst  (cell - / prefix -).
Extracting standard cell pins and blockage ...... 
Pin and blockage extraction finished
Extracting macro/IO cell pins and blockage ...... 
Pin and blockage extraction finished
*** Starting "NanoPlace(TM) placement v#10 (mem=1435.0M)" ...
No user setting net weight.
Options: ignoreScan ignoreSpare pinGuide congEffort=auto gpeffort=medium 
**WARN: (IMPSP-9042):	Scan chains were not defined, -place_global_ignore_scan option will be ignored.
Define the scan chains before using this option.
Type 'man IMPSP-9042' for more detail.
#std cell=8063 (0 fixed + 8063 movable) #block=0 (0 floating + 0 preplaced)
#ioInst=0 #net=8250 #term=25557 #term/net=3.10, #fixedIo=0, #floatIo=0, #fixedPin=0, #floatPin=174
stdCell: 8063 single + 0 double + 0 multi
Total standard cell length = 8.9572 (mm), area = 0.0221 (mm^2)
**Info: (IMPSP-307): Design contains fractional 20 cells.
Estimated cell power/ground rail width = 0.308 um
Average module density = 0.792.
Density for the design = 0.792.
       = stdcell_area 23572 sites (22124 um^2) / alloc_area 29780 sites (27952 um^2).
Pin Density = 0.7402.
            = total # of pins 25557 / total area 34528.
=== lastAutoLevel = 9 
**WARN: (IMPSP-9531):	Turning off clkGateAware when timingDriven is off
Iteration  1: Total net bbox = 2.181e-09 (8.97e-10 1.28e-09)
              Est.  stn bbox = 2.295e-09 (9.41e-10 1.35e-09)
              cpu = 0:00:00.0 real = 0:00:00.0 mem = 1456.0M
Iteration  2: Total net bbox = 2.181e-09 (8.97e-10 1.28e-09)
              Est.  stn bbox = 2.295e-09 (9.41e-10 1.35e-09)
              cpu = 0:00:00.0 real = 0:00:00.0 mem = 1456.0M
Iteration  3: Total net bbox = 7.558e+01 (3.90e+01 3.66e+01)
              Est.  stn bbox = 9.877e+01 (5.21e+01 4.66e+01)
              cpu = 0:00:00.2 real = 0:00:00.0 mem = 1474.0M
Iteration  4: Total net bbox = 1.475e+05 (7.12e+04 7.63e+04)
              Est.  stn bbox = 1.998e+05 (9.66e+04 1.03e+05)
              cpu = 0:00:01.6 real = 0:00:02.0 mem = 1474.0M
Iteration  5: Total net bbox = 1.497e+05 (7.75e+04 7.23e+04)
              Est.  stn bbox = 2.122e+05 (1.08e+05 1.05e+05)
              cpu = 0:00:01.8 real = 0:00:02.0 mem = 1474.0M
Iteration  6: Total net bbox = 1.594e+05 (8.02e+04 7.93e+04)
              Est.  stn bbox = 2.248e+05 (1.12e+05 1.13e+05)
              cpu = 0:00:02.2 real = 0:00:02.0 mem = 1476.0M
Iteration  7: Total net bbox = 1.802e+05 (9.25e+04 8.76e+04)
              Est.  stn bbox = 2.467e+05 (1.25e+05 1.22e+05)
              cpu = 0:00:00.2 real = 0:00:00.0 mem = 1478.9M
Iteration  8: Total net bbox = 1.802e+05 (9.25e+04 8.76e+04)
              Est.  stn bbox = 2.467e+05 (1.25e+05 1.22e+05)
              cpu = 0:00:00.0 real = 0:00:00.0 mem = 1478.9M
Iteration  9: Total net bbox = 1.870e+05 (9.58e+04 9.12e+04)
              Est.  stn bbox = 2.536e+05 (1.28e+05 1.26e+05)
              cpu = 0:00:03.1 real = 0:00:03.0 mem = 1478.9M
Iteration 10: Total net bbox = 1.905e+05 (9.82e+04 9.23e+04)
              Est.  stn bbox = 2.570e+05 (1.30e+05 1.27e+05)
              cpu = 0:00:00.6 real = 0:00:01.0 mem = 1478.9M
Iteration 11: Total net bbox = 1.875e+05 (9.83e+04 8.92e+04)
              Est.  stn bbox = 2.539e+05 (1.30e+05 1.24e+05)
              cpu = 0:00:01.1 real = 0:00:01.0 mem = 1479.9M
Iteration 12: Total net bbox = 1.895e+05 (9.81e+04 9.14e+04)
              Est.  stn bbox = 2.561e+05 (1.30e+05 1.26e+05)
              cpu = 0:00:09.6 real = 0:00:10.0 mem = 1479.9M
Iteration 13: Total net bbox = 1.895e+05 (9.81e+04 9.14e+04)
              Est.  stn bbox = 2.561e+05 (1.30e+05 1.26e+05)
              cpu = 0:00:00.0 real = 0:00:00.0 mem = 1479.9M
*** cost = 1.895e+05 (9.81e+04 9.14e+04) (cpu for global=0:00:15.7) real=0:00:17.0***
Solver runtime cpu: 0:00:15.0 real: 0:00:14.9
Core Placement runtime cpu: 0:00:15.6 real: 0:00:17.0
**WARN: (IMPSP-9025):	No scan chain specified/traced.
Type 'man IMPSP-9025' for more detail.
**Info: (IMPSP-307): Design contains fractional 20 cells.
*** Starting refinePlace (0:00:38.7 mem=1479.9M) ***
Total net bbox length = 1.895e+05 (9.791e+04 9.164e+04) (ext = 1.393e+04)
Density distribution unevenness ratio = 10.078%
Move report: Detail placement moves 8063 insts, mean move: 1.58 um, max move: 40.72 um
	Max move on inst (U4841): (116.85, 183.29) --> (113.62, 220.78)
	Runtime: CPU: 0:00:01.1 REAL: 0:00:01.0 MEM: 1483.0MB
Summary Report:
Instances move: 8063 (out of 8063 movable)
Instances flipped: 0
Mean displacement: 1.58 um
Max displacement: 40.72 um (Instance: U4841) (116.847, 183.286) -> (113.62, 220.78)
	Length: 2 sites, height: 1 rows, site name: CoreSite, cell type: BUFX2
Total net bbox length = 1.891e+05 (9.758e+04 9.152e+04) (ext = 1.392e+04)
Runtime: CPU: 0:00:01.1 REAL: 0:00:01.0 MEM: 1483.0MB
*** Finished refinePlace (0:00:39.8 mem=1483.0M) ***
*** End of Placement (cpu=0:00:16.9, real=0:00:18.0, mem=1483.0M) ***
**Info: (IMPSP-307): Design contains fractional 20 cells.
default core: bins with density >  0.75 = 47.1 % ( 32 / 68 )
Density distribution unevenness ratio = 10.004%
Starting IO pin assignment...
The design is not routed. Using flight-line based method for pin assignment.
Completed IO pin assignment.
Starting congestion repair ...
[NR-eGR] honorMsvRouteConstraint: false
[NR-eGR] honorClockSpecNDR      : 0
[NR-eGR] minRouteLayer          : 2
[NR-eGR] maxRouteLayer          : 127
[NR-eGR] numTracksPerClockWire  : 0
[NR-eGR] Layer1 has no routable track
[NR-eGR] Layer2 has single uniform track structure
[NR-eGR] Layer3 has single uniform track structure
[NR-eGR] Layer4 has single uniform track structure
[NR-eGR] Layer5 has single uniform track structure
[NR-eGR] Layer6 has single uniform track structure
[NR-eGR] Layer7 has single uniform track structure
[NR-eGR] Layer8 has single uniform track structure
[NR-eGR] Layer9 has single uniform track structure
[NR-eGR] Layer10 has single uniform track structure
[NR-eGR] numRoutingBlks=0 numInstBlks=1524 numPGBlocks=12 numBumpBlks=0 numBoundaryFakeBlks=0
[NR-eGR] numPreroutedNet = 0  numPreroutedWires = 0
[NR-eGR] Read numTotalNets=8250  numIgnoredNets=0
[NR-eGR] ============ Routing rule table ============
[NR-eGR] Rule id 0. Nets 8250 
[NR-eGR] id=0  ndrTrackId=0  ndrViaId=-1  extraSpace=0  numShields=0  maxHorDemand=1  maxVerDemand=1
[NR-eGR] Pitch:  L1=260  L2=380  L3=380  L4=560  L5=570  L6=560  L7=1900  L8=1680  L9=3420  L10=3360
[NR-eGR] ========================================
[NR-eGR] 
[NR-eGR] Layer group 1: route 8250 net(s) in layer range [2, 10]
[NR-eGR] earlyGlobalRoute overflow of layer group 1: 0.00% H + 0.00% V. EstWL: 2.356133e+05um
[NR-eGR] 
[NR-eGR] Congestion Analysis Layer By layer: (blocked Gcells are excluded) 
[NR-eGR]                OverCon            
[NR-eGR]                 #Gcell     %Gcell
[NR-eGR] Layer              (1)    OverCon 
[NR-eGR] ------------------------------------
[NR-eGR] Layer1       0( 0.00%)   ( 0.00%) 
[NR-eGR] Layer2       0( 0.00%)   ( 0.00%) 
[NR-eGR] Layer3       1( 0.00%)   ( 0.00%) 
[NR-eGR] Layer4       0( 0.00%)   ( 0.00%) 
[NR-eGR] Layer5       0( 0.00%)   ( 0.00%) 
[NR-eGR] Layer6       0( 0.00%)   ( 0.00%) 
[NR-eGR] Layer7       0( 0.00%)   ( 0.00%) 
[NR-eGR] Layer8       0( 0.00%)   ( 0.00%) 
[NR-eGR] Layer9       0( 0.00%)   ( 0.00%) 
[NR-eGR] Layer10       0( 0.00%)   ( 0.00%) 
[NR-eGR] ------------------------------------
[NR-eGR] Total        1( 0.00%)   ( 0.00%) 
[NR-eGR] 
[NR-eGR] Overflow after earlyGlobalRoute (GR compatible) 0.00% H + 0.00% V
[NR-eGR] Overflow after earlyGlobalRoute 0.00% H + 0.00% V
Local HotSpot Analysis: normalized max congestion hotspot area = 0.00, normalized total congestion hotspot area = 0.00 (area is in unit of 4 std-cell row bins)
Skipped repairing congestion.
[NR-eGR] --------------------------------------------------------------------------
[NR-eGR] Layer1(metal1)(F) length: 0.000000e+00um, number of vias: 24563
[NR-eGR] Layer2(metal2)(V) length: 7.049955e+04um, number of vias: 30766
[NR-eGR] Layer3(metal3)(H) length: 7.789199e+04um, number of vias: 6437
[NR-eGR] Layer4(metal4)(V) length: 4.417940e+04um, number of vias: 5486
[NR-eGR] Layer5(metal5)(H) length: 4.300060e+04um, number of vias: 284
[NR-eGR] Layer6(metal6)(V) length: 2.936972e+03um, number of vias: 222
[NR-eGR] Layer7(metal7)(H) length: 6.349249e+03um, number of vias: 35
[NR-eGR] Layer8(metal8)(V) length: 2.214100e+02um, number of vias: 30
[NR-eGR] Layer9(metal9)(H) length: 1.140300e+03um, number of vias: 0
[NR-eGR] Layer10(metal10)(V) length: 0.000000e+00um, number of vias: 0
[NR-eGR] Total length: 2.462195e+05um, number of vias: 67823
[NR-eGR] --------------------------------------------------------------------------
[NR-eGR] Total clock nets wire length: 0.000000e+00um 
[NR-eGR] --------------------------------------------------------------------------
End of congRepair (cpu=0:00:00.3, real=0:00:00.0)
*** Finishing placeDesign default flow ***
**placeDesign ... cpu = 0: 0:17, real = 0: 0:18, mem = 1508.1M **

*** Summary of all messages that are not suppressed in this session:
Severity  ID               Count  Summary                                  
WARNING   IMPSP-9513           1  Timing constraint file does not exist    
WARNING   IMPSP-9514           1  Non-TimingDriven placement will be perfo...
WARNING   IMPSP-9531           1  Turning off clkGateAware when timingDriv...
WARNING   IMPSP-9025           1  No scan chain specified/traced.          
WARNING   IMPSP-9042           1  Scan chains were not defined, -place_glo...
*** Message Summary: 5 warning(s), 0 error(s)

<CMD> pan 13.926 3.482
<CMD> pan -1.161 1.161
<CMD> pan -9.671 -6.189
**WARN: (IMPTCM-77):	Option "-drouteStartIteration" for command getNanoRouteMode is obsolete and will be removed in a future release. The obsolete option still works in this release but to avoid this warning and to ensure compatibility with future releases, remove the obsolete option from your script.
<CMD> setNanoRouteMode -quiet -timingEngine {}
<CMD> setNanoRouteMode -quiet -routeWithSiPostRouteFix 0
**WARN: (IMPTCM-77):	Option "-drouteStartIteration" for command getNanoRouteMode is obsolete and will be removed in a future release. The obsolete option still works in this release but to avoid this warning and to ensure compatibility with future releases, remove the obsolete option from your script.
<CMD> setNanoRouteMode -quiet -drouteStartIteration default
**WARN: (IMPTCM-77):	Option "-drouteStartIteration" for command setNanoRouteMode is obsolete and will be removed in a future release. The obsolete option still works in this release but to avoid this warning and to ensure compatibility with future releases, remove the obsolete option from your script.
<CMD> setNanoRouteMode -quiet -routeTopRoutingLayer default
<CMD> setNanoRouteMode -quiet -routeBottomRoutingLayer default
<CMD> setNanoRouteMode -quiet -drouteEndIteration default
**WARN: (IMPTCM-77):	Option "-routeEcoOnlyInLayers" for command getNanoRouteMode is obsolete and will be removed in a future release. The obsolete option still works in this release but to avoid this warning and to ensure compatibility with future releases, remove the obsolete option from your script.
<CMD> setNanoRouteMode -quiet -routeWithTimingDriven false
<CMD> setNanoRouteMode -quiet -routeWithSiDriven false
Running Native NanoRoute ...
<CMD> routeDesign -globalDetail
#routeDesign: cpu time = 00:00:00, elapsed time = 00:00:00, memory = 1293.75 (MB), peak = 1293.75 (MB)
#WARNING (NRIG-96) Selected single pass global detail route "-globalDetail". Clock eco and post optimizations will not be run. See "man NRIG-96" for more details.
#**INFO: setDesignMode -flowEffort standard
#**INFO: mulit-cut via swapping is disabled by user.
#**INFO: All auto set options tuned by routeDesign will be restored to their original settings on command completion.
#**INFO: auto set of routeReserveSpaceForMultiCut to true
#**INFO: auto set of routeConcurrentMinimizeViaCountEffort to high
**Info: (IMPSP-307): Design contains fractional 20 cells.
Begin checking placement ... (start mem=1515.5M, init mem=1515.5M)
*info: Placed = 8063          
*info: Unplaced = 0           
Placement Density:68.27%(22124/32408)
Placement Density (including fixed std cells):68.27%(22124/32408)
Finished checkPlace (cpu: total=0:00:00.0, vio checks=0:00:00.0; mem=1515.5M)
#**INFO: honoring user setting for routeWithTimingDriven set to false
#**INFO: honoring user setting for routeWithSiDriven set to false
**WARN: (IMPCK-8086):	The command changeUseClockNetStatus is obsolete and will be removed in the next release. This command still works in this release, but by the next release you must transition to the CCOpt-based CTS flow.

changeUseClockNetStatus Option :  -noFixedNetWires 
*** Changed status on (0) nets in Clock.
*** End changeUseClockNetStatus (cpu=0:00:00.0, real=0:00:00.0, mem=1515.5M) ***

globalDetailRoute

#setNanoRouteMode -droutePostRouteSpreadWire "1"
#setNanoRouteMode -routeConcurrentMinimizeViaCountEffort "high"
#setNanoRouteMode -routeReserveSpaceForMultiCut true
#setNanoRouteMode -routeWithSiDriven false
#setNanoRouteMode -routeWithTimingDriven false
#Start globalDetailRoute on Fri Nov 24 14:04:20 2023
#
#WARNING (NRDB-2005) SPECIAL_NET 1'b1 has special wires but no definitions for instance pins or top level pins. This will cause routability problems later.
#WARNING (NRDB-2005) SPECIAL_NET 1'b0 has special wires but no definitions for instance pins or top level pins. This will cause routability problems later.
#WARNING (NRDB-976) The TRACK STEP 0.2800 for preferred direction tracks is smaller than the PITCH 0.2850 for LAYER metal4. This will cause routability problems for NanoRoute.
#WARNING (NRDB-976) The TRACK STEP 0.2800 for preferred direction tracks is smaller than the PITCH 0.2850 for LAYER metal6. This will cause routability problems for NanoRoute.
#WARNING (NRDB-976) The TRACK STEP 0.8400 for preferred direction tracks is smaller than the PITCH 0.8550 for LAYER metal8. This will cause routability problems for NanoRoute.
#WARNING (NRDB-976) The TRACK STEP 1.6800 for preferred direction tracks is smaller than the PITCH 1.7100 for LAYER metal10. This will cause routability problems for NanoRoute.
#NanoRoute Version 17.11-s080_1 NR170721-2155/17_11-UB
#Start routing data preparation on Fri Nov 24 14:04:20 2023
#
#WARNING (NRDB-2077) The below via enclosure for LAYER metal1 is not specified for width 0.0650.
#WARNING (NRDB-2078) The above via enclosure for LAYER metal2 is not specified for width 0.0700.
#WARNING (NRDB-2077) The below via enclosure for LAYER metal1 is not specified for width 0.0650.
#WARNING (NRDB-2078) The above via enclosure for LAYER metal2 is not specified for width 0.0700.
#WARNING (NRDB-2077) The below via enclosure for LAYER metal2 is not specified for width 0.0700.
#WARNING (NRDB-2078) The above via enclosure for LAYER metal3 is not specified for width 0.0700.
#WARNING (NRDB-2077) The below via enclosure for LAYER metal2 is not specified for width 0.0700.
#WARNING (NRDB-2078) The above via enclosure for LAYER metal3 is not specified for width 0.0700.
#WARNING (NRDB-2077) The below via enclosure for LAYER metal3 is not specified for width 0.0700.
#WARNING (NRDB-2078) The above via enclosure for LAYER metal4 is not specified for width 0.1400.
#WARNING (NRDB-2077) The below via enclosure for LAYER metal3 is not specified for width 0.0700.
#WARNING (NRDB-2078) The above via enclosure for LAYER metal4 is not specified for width 0.1400.
#WARNING (NRDB-2077) The below via enclosure for LAYER metal4 is not specified for width 0.1400.
#WARNING (NRDB-2078) The above via enclosure for LAYER metal5 is not specified for width 0.1400.
#WARNING (NRDB-2077) The below via enclosure for LAYER metal4 is not specified for width 0.1400.
#WARNING (NRDB-2078) The above via enclosure for LAYER metal5 is not specified for width 0.1400.
#WARNING (NRDB-2077) The below via enclosure for LAYER metal5 is not specified for width 0.1400.
#WARNING (NRDB-2078) The above via enclosure for LAYER metal6 is not specified for width 0.1400.
#WARNING (NRDB-2077) The below via enclosure for LAYER metal5 is not specified for width 0.1400.
#WARNING (NRDB-2078) The above via enclosure for LAYER metal6 is not specified for width 0.1400.
#WARNING (NRDB-2077) The below via enclosure for LAYER metal6 is not specified for width 0.1400.
#WARNING (NRDB-2078) The above via enclosure for LAYER metal7 is not specified for width 0.4000.
#WARNING (NRDB-2077) The below via enclosure for LAYER metal6 is not specified for width 0.1400.
#WARNING (NRDB-2078) The above via enclosure for LAYER metal7 is not specified for width 0.4000.
#WARNING (NRDB-2077) The below via enclosure for LAYER metal7 is not specified for width 0.4000.
#WARNING (NRDB-2078) The above via enclosure for LAYER metal8 is not specified for width 0.4000.
#WARNING (NRDB-2077) The below via enclosure for LAYER metal7 is not specified for width 0.4000.
#WARNING (NRDB-2078) The above via enclosure for LAYER metal8 is not specified for width 0.4000.
#WARNING (NRDB-2077) The below via enclosure for LAYER metal8 is not specified for width 0.4000.
#WARNING (NRDB-2078) The above via enclosure for LAYER metal9 is not specified for width 0.8000.
#WARNING (NRDB-2077) The below via enclosure for LAYER metal8 is not specified for width 0.4000.
#WARNING (NRDB-2078) The above via enclosure for LAYER metal9 is not specified for width 0.8000.
#WARNING (NRDB-2077) The below via enclosure for LAYER metal9 is not specified for width 0.8000.
#WARNING (NRDB-2078) The above via enclosure for LAYER metal10 is not specified for width 0.8000.
#WARNING (NRDB-2077) The below via enclosure for LAYER metal9 is not specified for width 0.8000.
#WARNING (NRDB-2078) The above via enclosure for LAYER metal10 is not specified for width 0.8000.
# metal1       H   Track-Pitch = 0.1900    Line-2-Via Pitch = 0.1300
# metal2       V   Track-Pitch = 0.1900    Line-2-Via Pitch = 0.1450
# metal3       H   Track-Pitch = 0.1900    Line-2-Via Pitch = 0.1400
# metal4       V   Track-Pitch = 0.2800    Line-2-Via Pitch = 0.2800
# metal5       H   Track-Pitch = 0.2850    Line-2-Via Pitch = 0.2800
# metal6       V   Track-Pitch = 0.2800    Line-2-Via Pitch = 0.2800
# metal7       H   Track-Pitch = 0.9500    Line-2-Via Pitch = 0.8000
# metal8       V   Track-Pitch = 0.8400    Line-2-Via Pitch = 0.8000
# metal9       H   Track-Pitch = 1.7100    Line-2-Via Pitch = 1.6000
# metal10      V   Track-Pitch = 1.6800    Line-2-Via Pitch = 1.6000
#Regenerating Ggrids automatically.
#Auto generating G-grids with size=15 tracks, using layer metal3's pitch = 0.1900.
#Using automatically generated G-grids.
#Done routing data preparation.
#cpu time = 00:00:00, elapsed time = 00:00:00, memory = 1304.79 (MB), peak = 1336.76 (MB)
#Merging special wires...
#
#Finished routing data preparation on Fri Nov 24 14:04:20 2023
#
#Cpu time = 00:00:00
#Elapsed time = 00:00:00
#Increased memory = 8.11 (MB)
#Total memory = 1304.98 (MB)
#Peak memory = 1336.76 (MB)
#
#
#Start global routing on Fri Nov 24 14:04:20 2023
#
#Number of eco nets is 0
#
#Start global routing data preparation on Fri Nov 24 14:04:20 2023
#
#Start routing resource analysis on Fri Nov 24 14:04:20 2023
#
#Routing resource analysis is done on Fri Nov 24 14:04:21 2023
#
#  Resource Analysis:
#
#               Routing  #Avail      #Track     #Total     %Gcell
#  Layer      Direction   Track     Blocked      Gcell    Blocked
#  --------------------------------------------------------------
#  metal1         H        2271           0       23858     4.07%
#  metal2         V        2363           8       23858     0.00%
#  metal3         H        2271           0       23858     0.00%
#  metal4         V        1580           0       23858     0.00%
#  metal5         H        1513           0       23858     0.00%
#  metal6         V        1580           0       23858     0.00%
#  metal7         H         454           0       23858     0.00%
#  metal8         V         536           0       23858     0.00%
#  metal9         H         251           0       23858     0.00%
#  metal10        V         268           0       23858     0.00%
#  --------------------------------------------------------------
#  Total                  13087       0.03%      238580     0.41%
#
#
#
#
#Global routing data preparation is done on Fri Nov 24 14:04:21 2023
#
#cpu time = 00:00:00, elapsed time = 00:00:00, memory = 1307.25 (MB), peak = 1336.76 (MB)
#
#cpu time = 00:00:00, elapsed time = 00:00:00, memory = 1308.20 (MB), peak = 1336.76 (MB)
#
#start global routing iteration 1...
#cpu time = 00:00:00, elapsed time = 00:00:00, memory = 1318.73 (MB), peak = 1336.76 (MB)
#
#start global routing iteration 2...
#cpu time = 00:00:02, elapsed time = 00:00:02, memory = 1355.21 (MB), peak = 1355.35 (MB)
#
#start global routing iteration 3...
#cpu time = 00:00:00, elapsed time = 00:00:00, memory = 1359.41 (MB), peak = 1359.41 (MB)
#
#
#Total number of trivial nets (e.g. < 2 pins) = 94 (skipped).
#Total number of routable nets = 8250.
#Total number of nets in the design = 8344.
#
#8250 routable nets have only global wires.
#
#Routed nets constraints summary:
#-----------------------------
#        Rules   Unconstrained  
#-----------------------------
#      Default            8250  
#-----------------------------
#        Total            8250  
#-----------------------------
#
#Routing constraints summary of the whole design:
#-----------------------------
#        Rules   Unconstrained  
#-----------------------------
#      Default            8250  
#-----------------------------
#        Total            8250  
#-----------------------------
#
#
#  Congestion Analysis: (blocked Gcells are excluded)
#
#                 OverCon          
#                  #Gcell    %Gcell
#     Layer           (1)   OverCon
#  --------------------------------
#  metal1        0(0.00%)   (0.00%)
#  metal2        0(0.00%)   (0.00%)
#  metal3        0(0.00%)   (0.00%)
#  metal4        0(0.00%)   (0.00%)
#  metal5        0(0.00%)   (0.00%)
#  metal6        0(0.00%)   (0.00%)
#  metal7        0(0.00%)   (0.00%)
#  metal8        0(0.00%)   (0.00%)
#  metal9        0(0.00%)   (0.00%)
#  metal10       0(0.00%)   (0.00%)
#  --------------------------------
#     Total      0(0.00%)   (0.00%)
#
#  The worst congested Gcell overcon (routing demand over resource in number of tracks) = 1
#  Overflow after GR: 0.00% H + 0.00% V
#
[hotspot] +------------+---------------+---------------+
[hotspot] |            |   max hotspot | total hotspot |
[hotspot] +------------+---------------+---------------+
[hotspot] | normalized |          0.00 |          0.00 |
[hotspot] +------------+---------------+---------------+
Local HotSpot Analysis: normalized max congestion hotspot area = 0.00, normalized total congestion hotspot area = 0.00 (area is in unit of 4 std-cell row bins)
#Complete Global Routing.
#Total wire length = 234387 um.
#Total half perimeter of net bounding box = 198479 um.
#Total wire length on LAYER metal1 = 44520 um.
#Total wire length on LAYER metal2 = 109351 um.
#Total wire length on LAYER metal3 = 78938 um.
#Total wire length on LAYER metal4 = 667 um.
#Total wire length on LAYER metal5 = 899 um.
#Total wire length on LAYER metal6 = 6 um.
#Total wire length on LAYER metal7 = 6 um.
#Total wire length on LAYER metal8 = 0 um.
#Total wire length on LAYER metal9 = 0 um.
#Total wire length on LAYER metal10 = 0 um.
#Total number of vias = 43073
#Up-Via Summary (total 43073):
#           
#-----------------------
# metal1          27306
# metal2          15623
# metal3             58
# metal4             44
# metal5             15
# metal6             15
# metal7              6
# metal8              6
#-----------------------
#                 43073 
#
#Max overcon = 0 track.
#Total overcon = 0.00%.
#Worst layer Gcell overcon rate = 0.00%.
#
#Global routing statistics:
#Cpu time = 00:00:02
#Elapsed time = 00:00:02
#Increased memory = 54.43 (MB)
#Total memory = 1359.45 (MB)
#Peak memory = 1359.46 (MB)
#
#Finished global routing on Fri Nov 24 14:04:23 2023
#
#
#cpu time = 00:00:00, elapsed time = 00:00:00, memory = 1318.29 (MB), peak = 1359.48 (MB)
#Start Track Assignment.
#Done with 13355 horizontal wires in 2 hboxes and 9361 vertical wires in 2 hboxes.
#Done with 3528 horizontal wires in 2 hboxes and 1663 vertical wires in 2 hboxes.
#Done with 2 horizontal wires in 2 hboxes and 2 vertical wires in 2 hboxes.
#
#Track assignment summary:
# layer   (wire length)   (overlap)     (long ovlp)	(with obs/pg/clk)  
#------------------------------------------------------------------------
# metal1     44806.17 	  0.01%  	  0.00% 	  0.00%
# metal2    108911.02 	  0.01%  	  0.00% 	  0.00%
# metal3     78021.72 	  0.11%  	  0.00% 	  0.00%
# metal4       663.17 	  0.00%  	  0.00% 	  0.00%
# metal5       905.33 	  0.00%  	  0.00% 	  0.00%
# metal6         4.51 	  0.00%  	  0.00% 	  0.00%
# metal7         7.98 	  0.00%  	  0.00% 	  0.00%
# metal8         0.00 	  0.00%  	  0.00% 	  0.00%
# metal9         0.00 	  0.00%  	  0.00% 	  0.00%
# metal10        0.00 	  0.00%  	  0.00% 	  0.00%
#------------------------------------------------------------------------
# All      233319.89  	  0.04% 	  0.00% 	  0.00%
#Complete Track Assignment.
#Total wire length = 243629 um.
#Total half perimeter of net bounding box = 198479 um.
#Total wire length on LAYER metal1 = 51093 um.
#Total wire length on LAYER metal2 = 109107 um.
#Total wire length on LAYER metal3 = 81835 um.
#Total wire length on LAYER metal4 = 662 um.
#Total wire length on LAYER metal5 = 917 um.
#Total wire length on LAYER metal6 = 4 um.
#Total wire length on LAYER metal7 = 9 um.
#Total wire length on LAYER metal8 = 0 um.
#Total wire length on LAYER metal9 = 1 um.
#Total wire length on LAYER metal10 = 0 um.
#Total number of vias = 43073
#Up-Via Summary (total 43073):
#           
#-----------------------
# metal1          27306
# metal2          15623
# metal3             58
# metal4             44
# metal5             15
# metal6             15
# metal7              6
# metal8              6
#-----------------------
#                 43073 
#
#cpu time = 00:00:02, elapsed time = 00:00:02, memory = 1324.58 (MB), peak = 1359.48 (MB)
#
#Routing data preparation, pin analysis, global routing and track assignment statistics:
#Cpu time = 00:00:04
#Elapsed time = 00:00:05
#Increased memory = 27.77 (MB)
#Total memory = 1324.61 (MB)
#Peak memory = 1359.48 (MB)
#
#Start Detail Routing..
#start initial detail routing ...
#   number of violations = 236
#
#    By Layer and Type :
#	         MetSpc    Short   Totals
#	metal1        1      185      186
#	metal2       34       10       44
#	metal3        0        6        6
#	Totals       35      201      236
#cpu time = 00:00:37, elapsed time = 00:00:37, memory = 1353.36 (MB), peak = 1370.84 (MB)
#start 1st optimization iteration ...
#   number of violations = 6
#
#    By Layer and Type :
#	         MetSpc   Totals
#	metal1        0        0
#	metal2        6        6
#	Totals        6        6
#cpu time = 00:00:01, elapsed time = 00:00:01, memory = 1353.68 (MB), peak = 1370.84 (MB)
#start 2nd optimization iteration ...
#   number of violations = 3
#
#    By Layer and Type :
#	         MetSpc   Totals
#	metal1        0        0
#	metal2        3        3
#	Totals        3        3
#cpu time = 00:00:00, elapsed time = 00:00:00, memory = 1353.77 (MB), peak = 1370.84 (MB)
#start 3rd optimization iteration ...
#   number of violations = 2
#
#    By Layer and Type :
#	         MetSpc   Totals
#	metal1        0        0
#	metal2        2        2
#	Totals        2        2
#cpu time = 00:00:00, elapsed time = 00:00:00, memory = 1353.77 (MB), peak = 1370.84 (MB)
#start 4th optimization iteration ...
#   number of violations = 2
#
#    By Layer and Type :
#	         MetSpc   Totals
#	metal1        0        0
#	metal2        2        2
#	Totals        2        2
#cpu time = 00:00:00, elapsed time = 00:00:00, memory = 1353.77 (MB), peak = 1370.84 (MB)
#start 5th optimization iteration ...
#   number of violations = 0
#cpu time = 00:00:00, elapsed time = 00:00:00, memory = 1353.77 (MB), peak = 1370.84 (MB)
#Complete Detail Routing.
#Total wire length = 245447 um.
#Total half perimeter of net bounding box = 198479 um.
#Total wire length on LAYER metal1 = 44575 um.
#Total wire length on LAYER metal2 = 117995 um.
#Total wire length on LAYER metal3 = 80299 um.
#Total wire length on LAYER metal4 = 1296 um.
#Total wire length on LAYER metal5 = 1196 um.
#Total wire length on LAYER metal6 = 7 um.
#Total wire length on LAYER metal7 = 35 um.
#Total wire length on LAYER metal8 = 1 um.
#Total wire length on LAYER metal9 = 42 um.
#Total wire length on LAYER metal10 = 0 um.
#Total number of vias = 51177
#Up-Via Summary (total 51177):
#           
#-----------------------
# metal1          28781
# metal2          21938
# metal3            363
# metal4             53
# metal5             15
# metal6             15
# metal7              6
# metal8              6
#-----------------------
#                 51177 
#
#Total number of DRC violations = 0
#Cpu time = 00:00:38
#Elapsed time = 00:00:38
#Increased memory = -3.82 (MB)
#Total memory = 1320.79 (MB)
#Peak memory = 1370.84 (MB)
#
#Start Post Route wire spreading..
#
#Start DRC checking..
#   number of violations = 0
#cpu time = 00:00:04, elapsed time = 00:00:04, memory = 1354.52 (MB), peak = 1370.84 (MB)
#CELL_VIEW darkriscv,init has no DRC violation.
#Total number of DRC violations = 0
#
#Start data preparation for wire spreading...
#
#Data preparation is done on Fri Nov 24 14:05:07 2023
#
#
#Start Post Route Wire Spread.
#Done with 6512 horizontal wires in 3 hboxes and 3496 vertical wires in 3 hboxes.
#Complete Post Route Wire Spread.
#
#Total wire length = 249634 um.
#Total half perimeter of net bounding box = 198479 um.
#Total wire length on LAYER metal1 = 45066 um.
#Total wire length on LAYER metal2 = 119310 um.
#Total wire length on LAYER metal3 = 82668 um.
#Total wire length on LAYER metal4 = 1301 um.
#Total wire length on LAYER metal5 = 1203 um.
#Total wire length on LAYER metal6 = 7 um.
#Total wire length on LAYER metal7 = 35 um.
#Total wire length on LAYER metal8 = 1 um.
#Total wire length on LAYER metal9 = 42 um.
#Total wire length on LAYER metal10 = 0 um.
#Total number of vias = 51177
#Up-Via Summary (total 51177):
#           
#-----------------------
# metal1          28781
# metal2          21938
# metal3            363
# metal4             53
# metal5             15
# metal6             15
# metal7              6
# metal8              6
#-----------------------
#                 51177 
#
#
#Start DRC checking..
#   number of violations = 0
#cpu time = 00:00:04, elapsed time = 00:00:04, memory = 1365.77 (MB), peak = 1370.84 (MB)
#CELL_VIEW darkriscv,init has no DRC violation.
#Total number of DRC violations = 0
#   number of violations = 0
#cpu time = 00:00:05, elapsed time = 00:00:05, memory = 1326.93 (MB), peak = 1370.84 (MB)
#CELL_VIEW darkriscv,init has no DRC violation.
#Total number of DRC violations = 0
#Post Route wire spread is done.
#Total wire length = 249634 um.
#Total half perimeter of net bounding box = 198479 um.
#Total wire length on LAYER metal1 = 45066 um.
#Total wire length on LAYER metal2 = 119310 um.
#Total wire length on LAYER metal3 = 82668 um.
#Total wire length on LAYER metal4 = 1301 um.
#Total wire length on LAYER metal5 = 1203 um.
#Total wire length on LAYER metal6 = 7 um.
#Total wire length on LAYER metal7 = 35 um.
#Total wire length on LAYER metal8 = 1 um.
#Total wire length on LAYER metal9 = 42 um.
#Total wire length on LAYER metal10 = 0 um.
#Total number of vias = 51177
#Up-Via Summary (total 51177):
#           
#-----------------------
# metal1          28781
# metal2          21938
# metal3            363
# metal4             53
# metal5             15
# metal6             15
# metal7              6
# metal8              6
#-----------------------
#                 51177 
#
#detailRoute Statistics:
#Cpu time = 00:00:47
#Elapsed time = 00:00:47
#Increased memory = 0.20 (MB)
#Total memory = 1324.80 (MB)
#Peak memory = 1370.84 (MB)
#
#globalDetailRoute statistics:
#Cpu time = 00:00:52
#Elapsed time = 00:00:52
#Increased memory = 31.24 (MB)
#Total memory = 1325.21 (MB)
#Peak memory = 1370.84 (MB)
#Number of warnings = 42
#Total number of warnings = 43
#Number of fails = 0
#Total number of fails = 0
#Complete globalDetailRoute on Fri Nov 24 14:05:12 2023
#
#routeDesign: cpu time = 00:00:52, elapsed time = 00:00:52, memory = 1325.45 (MB), peak = 1370.84 (MB)

*** Summary of all messages that are not suppressed in this session:
Severity  ID               Count  Summary                                  
WARNING   IMPCK-8086           1  The command %s is obsolete and will be r...
*** Message Summary: 1 warning(s), 0 error(s)

<CMD> pan -14.700 -5.416
